<?xml version="1.0" encoding="UTF-8"?>
<!-- Generated by org.testng.reporters.JUnitReportReporter -->
<testsuite hostname="Prasanths-MacBook-Air.local" failures="0" tests="1" name="testcase.TC_003_LoginDDT" time="0.000" errors="0" timestamp="2025-01-03T11:53:42 IST" skipped="1">
  <testcase classname="testcase.TC_003_LoginDDT" name="verify_loginDDT" time="0.000">
    <skipped/>
  </testcase> <!-- verify_loginDDT -->
  <system-out/>
</testsuite> <!-- testcase.TC_003_LoginDDT -->
