<?xml version="1.0" encoding="UTF-8"?>
<!-- Generated by org.testng.reporters.JUnitReportReporter -->
<testsuite hostname="Mac.lan" failures="0" tests="1" name="testcase.mainclass" time="112.403" errors="0" timestamp="2025-03-31T21:49:12 IST" skipped="0">
  <testcase classname="testcase.mainclass" name="launch" time="112.403"/>
</testsuite> <!-- testcase.mainclass -->
